<?xml version="1.0" encoding="UTF-8"?>
<!-- Generated by org.testng.reporters.JUnitReportReporter -->
<testsuite hostname="LAPTOP-1GLGBQCG" failures="0" tests="1" name="main.Testcase4" time="2.743" errors="0" timestamp="2020-09-26T23:54:23 IST" skipped="0">
  <testcase classname="main.Testcase4" name="TestcaseNumber4" time="2.743"/>
  <system-out/>
</testsuite> <!-- main.Testcase4 -->
